<?xml version="1.0" encoding="UTF-8"?>
<!-- Generated by org.testng.reporters.JUnitReportReporter -->
<testsuite skipped="0" hostname="SOURAV" name="com.googleTest.TestNgSetup" tests="1" failures="0" timestamp="19 Jan 2019 07:27:48 GMT" time="4.491" errors="0">
  <testcase name="giveurl" time="4.491" classname="com.googleTest.TestNgSetup"/>
</testsuite> <!-- com.googleTest.TestNgSetup -->
